  1      979.835      979.835      0        0      
  2      937.177      937.177      0        0      
  3      900.587      900.587      0        0      
  4      875.951      875.951      0        0      
  5      856.267      856.267      0        0      
  6      839.171      839.171      0        0      
  7      823.259      823.259      0        0      
  8      812.58       812.58       0        0      
  9      804.216      804.216      0        0      
  10     795.082      795.082      0        0      
  11     787.467      787.467      0        0      
  12     780.251      780.251      0        0      
  13     771.924      771.924      0        0      
  14     767.14       767.14       0        0      
  15     766.725      766.725      0        0      
  16     767.099      766.725      1        0      
  17     766.367      766.367      2        0      
  18     766.773      766.367      4        0      
  19     767.084      766.367      5        0      
  20     767.402      766.367      6        0      
  21     766.773      766.367      6        0      
  22     767.188      766.367      9        0      
  23     768.053      766.367      13       0      
  24     767.647      766.367      17       0      
  25     768.378      766.367      21       0      
  26     768.004      766.367      25       0      
  27     769.815      766.367      29       0      
  28     769.4        766.367      33       0      
  29     768.535      766.367      36       0      
  30     767.099      766.367      38       0      
  31     766.367      766.367      40       0      
  32     767.816      766.367      44       0      
  33     769.47       766.367      49       0      
  34     768.547      766.367      52       0      
  35     769.412      766.367      55       0      
  36     769.711      766.367      59       0      
  37     767.949      766.367      61       0      
  38     767.638      766.367      62       0      
  39     768.053      766.367      65       0      
  40     769.561      766.367      69       0      
  41     767.647      766.367      72       0      
  42     766.782      766.367      74       0      
  43     767.188      766.367      77       0      
  44     768.841      766.367      81       0      
  45     765.657      765.657      82       0      
  46     765.108      765.108      82       0      
  47     764.702      764.702      82       1      
  48     765.269      764.702      84       1      
  49     766.134      764.702      87       1      
  50     767.122      764.702      91       1      
  51     768.571      764.702      96       1      
  52     769.119      764.702      100      1      
  53     768.387      764.702      104      1      
  54     768.705      764.702      108      1      
  55     767.836      764.702      110      1      
  56     766.848      764.702      111      1      
  57     765.984      764.702      113      1      
  58     765.417      764.702      117      1      
  59     765.928      764.702      121      1      
  60     766.286      764.702      124      1      
  61     765.417      764.702      124      1      
  62     767.285      764.702      128      1      
  63     768.15       764.702      131      1      
  64     768.717      764.702      135      1      
  65     769.228      764.702      138      1      
  66     769.586      764.702      142      1      
  67     768.717      764.702      144      1      
  68     766.848      764.702      148      1      
  69     765.984      764.702      148      1      
  70     765.417      764.702      151      1      
  71     765.928      764.702      153      1      
  72     766.286      764.702      155      1      
  73     765.417      764.702      155      1      
  74     767.285      764.702      159      1      
  75     768.15       764.702      162      1      
  76     768.717      764.702      166      1      
  77     769.228      764.702      169      1      
  78     769.586      764.702      173      1      
  79     768.717      764.702      175      1      
  80     766.848      764.702      179      1      
  81     765.984      764.702      179      1      
  82     765.417      764.702      182      1      
  83     765.928      764.702      184      1      
  84     766.286      764.702      186      1      
  85     765.417      764.702      186      1      
  86     767.285      764.702      190      1      
  87     768.15       764.702      193      1      
  88     768.717      764.702      197      1      
  89     769.228      764.702      200      1      
  90     769.586      764.702      204      1      
  91     768.717      764.702      206      1      
  92     766.848      764.702      210      1      
  93     765.984      764.702      210      1      
  94     765.417      764.702      213      1      
  95     765.928      764.702      215      1      
  96     766.286      764.702      217      1      
  97     765.417      764.702      217      1      
  98     767.285      764.702      221      1      
  99     768.15       764.702      224      1      
  100    768.717      764.702      228      1      
  101    769.228      764.702      231      1      
  102    769.586      764.702      235      1      
  103    768.717      764.702      237      1      
  104    766.848      764.702      241      1      
  105    765.984      764.702      241      1      
  106    765.417      764.702      244      1      
  107    765.928      764.702      246      1      
  108    766.286      764.702      248      1      
  109    765.417      764.702      248      1      
  110    767.285      764.702      252      1      
  111    768.15       764.702      255      1      
  112    768.717      764.702      259      1      
  113    769.228      764.702      262      1      
  114    769.586      764.702      266      1      
  115    768.717      764.702      268      1      
  116    766.848      764.702      272      1      
  117    765.984      764.702      272      1      
  118    765.417      764.702      275      1      
  119    765.928      764.702      277      1      
  120    766.286      764.702      279      1      
  121    765.417      764.702      279      1      
  122    767.285      764.702      283      1      
  123    768.15       764.702      286      1      
  124    768.717      764.702      290      1      
  125    769.228      764.702      293      1      
  126    769.586      764.702      297      1      
  127    768.717      764.702      299      1      
  128    766.848      764.702      303      1      
  129    765.984      764.702      303      1      
  130    765.417      764.702      306      1      
  131    765.928      764.702      308      1      
  132    766.286      764.702      310      1      
  133    765.417      764.702      310      1      
  134    767.285      764.702      314      1      
  135    768.15       764.702      317      1      
  136    768.717      764.702      321      1      
  137    769.228      764.702      324      1      
  138    769.586      764.702      328      1      
  139    768.717      764.702      330      1      
  140    766.848      764.702      334      1      
  141    765.984      764.702      334      1      
  142    765.417      764.702      337      1      
  143    765.928      764.702      339      1      
  144    766.286      764.702      341      1      
  145    765.417      764.702      341      1      
  146    767.285      764.702      345      1      
  147    768.15       764.702      348      1      
  148    768.717      764.702      352      1      
  149    769.228      764.702      355      1      
  150    769.586      764.702      359      1      
