  1      979.835      979.835      0        0      
  2      937.177      937.177      0        0      
  3      900.587      900.587      0        0      
  4      875.951      875.951      0        0      
  5      856.267      856.267      0        0      
  6      839.171      839.171      0        0      
  7      823.259      823.259      0        0      
  8      812.58       812.58       0        0      
  9      804.216      804.216      0        0      
  10     795.082      795.082      0        0      
  11     787.467      787.467      0        0      
  12     780.251      780.251      0        0      
  13     771.924      771.924      0        0      
  14     767.14       767.14       0        0      
  15     766.725      766.725      0        0      
  16     767.099      766.725      1        0      
  17     766.367      766.367      2        0      
  18     766.773      766.367      4        0      
  19     767.084      766.367      5        0      
  20     767.402      766.367      6        0      
  21     766.773      766.367      6        0      
  22     767.638      766.367      10       0      
  23     769.146      766.367      15       0      
  24     769.46       766.367      22       0      
  25     767.59       766.367      26       0      
  26     769.458      766.367      34       0      
  27     772.061      766.367      43       0      
  28     768.593      766.367      46       0      
  29     771.345      766.367      55       0      
  30     772.09       766.367      62       0      
  31     769.899      766.367      67       0      
  32     772.678      766.367      77       0      
  33     770.314      766.367      80       0      
  34     772.728      766.367      91       0      
  35     773.74       766.367      101      0      
  36     770.314      766.367      108      0      
  37     773.12       766.367      120      0      
  38     769.899      766.367      122      0      
  39     772.723      766.367      134      0      
  40     770.476      766.367      142      0      
  41     770.363      766.367      149      0      
  42     770.255      766.367      159      0      
  43     768.601      766.367      169      0      
  44     769.063      766.367      180      0      
  45     771.041      766.367      192      0      
  46     768.601      766.367      202      0      
  47     770.911      766.367      214      0      
  48     768.714      766.367      220      0      
  49     771.851      766.367      236      0      
  50     771.939      766.367      251      0      
  51     768.714      766.367      257      0      
  52     769.129      766.367      263      0      
  53     770.891      766.367      279      0      
  54     771.787      766.367      300      0      
  55     771.352      766.367      310      0      
  56     773.138      766.367      330      0      
  57     771.787      766.367      338      0      
  58     772.161      766.367      343      0      
  59     773.025      766.367      347      0      
  60     774.392      766.367      354      0      
  61     774.691      766.367      361      0      
  62     772.822      766.367      363      0      
  63     772.272      766.367      365      0      
  64     772.354      766.367      370      0      
  65     772.865      766.367      382      0      
  66     772.272      766.367      393      0      
  67     772.594      766.367      399      0      
  68     770.784      766.367      406      0      
  69     772.328      766.367      417      0      
  70     772.134      766.367      429      0      
  71     772.843      766.367      440      0      
  72     769.887      766.367      447      0      
  73     772.078      766.367      458      0      
  74     771.334      766.367      466      0      
  75     768.582      766.367      472      0      
  76     770.829      766.367      483      0      
  77     768.004      766.367      486      0      
  78     769.875      766.367      494      0      
  79     764.996      764.996      499      0      
  80     765.289      764.996      502      0      
  81     764.277      764.277      505      0      
  82     763.815      763.815      509      0      
  83     764.382      763.815      513      0      
  84     765.856      763.815      518      0      
  85     767.202      763.815      526      0      
  86     765.562      763.815      531      0      
  87     767.977      763.815      539      0      
  88     768.989      763.815      546      0      
  89     765.562      763.815      551      0      
  90     768.165      763.815      560      0      
  91     764.698      763.815      564      0      
  92     767.834      763.815      575      0      
  93     767.922      763.815      584      0      
  94     764.698      763.815      591      0      
  95     765.562      763.815      596      0      
  96     768.794      763.815      608      0      
  97     770.18       763.815      614      0      
  98     765.562      763.815      614      0      
  99     767.431      763.815      629      0      
  100    771.113      763.815      645      0      
  101    769.846      763.815      653      0      
  102    771.03       763.815      663      0      
  103    773.862      763.815      675      0      
  104    774.468      763.815      682      0      
  105    776.12       763.815      693      0      
  106    771.03       763.815      694      0      
  107    774.775      763.815      712      0      
  108    772.018      763.815      716      0      
  109    776.195      763.815      735      0      
  110    770.834      763.815      745      0      
  111    773.585      763.815      760      0      
  112    774.33       763.815      774      0      
  113    772.139      763.815      778      0      
  114    771.151      763.815      783      0      
  115    775.446      763.815      804      0      
  116    769.283      763.815      824      0      
  117    769.576      763.815      842      0      
  118    768.564      763.815      855      0      
  119    767.997      763.815      867      0      
  120    767.535      763.815      879      0      
  121    769.009      763.815      893      0      
  122    770.355      763.815      911      0      
  123    767.941      763.815      920      0      
  124    766.301      763.815      937      0      
  125    769.728      763.815      956      0      
  126    768.716      763.815      963      0      
  127    771.318      763.815      978      0      
  128    767.851      763.815      982      0      
  129    770.988      763.815      1002     0      
  130    771.076      763.815      1018     0      
  131    767.851      763.815      1026     0      
  132    768.716      763.815      1031     0      
  133    772.154      763.815      1049     0      
  134    776.609      763.815      1070     0      
  135    772.589      763.815      1075     0      
  136    774.457      763.815      1096     0      
  137    775.5        763.815      1112     0      
  138    771.836      763.815      1121     0      
  139    776.051      763.815      1141     0      
  140    776.888      763.815      1156     0      
  141    771.836      763.815      1162     0      
  142    775.4        763.815      1177     0      
  143    768.463      763.815      1177     0      
  144    772.208      763.815      1193     0      
  145    771.287      763.815      1198     0      
  146    773.087      763.815      1217     0      
  147    770.018      763.815      1232     0      
  148    773.121      763.815      1250     0      
  149    771.287      763.815      1255     0      
  150    768.463      763.815      1257     0      
