  1      979.835      979.835      0        0      
  2      937.177      937.177      0        0      
  3      900.587      900.587      0        0      
  4      875.951      875.951      0        0      
  5      856.267      856.267      0        0      
  6      839.171      839.171      0        0      
  7      823.259      823.259      0        0      
  8      812.58       812.58       0        0      
  9      804.216      804.216      0        0      
  10     795.082      795.082      0        0      
  11     787.467      787.467      0        0      
  12     780.251      780.251      0        0      
  13     771.924      771.924      0        0      
  14     767.14       767.14       0        0      
  15     766.725      766.725      0        0      
  16     767.099      766.725      1        0      
  17     766.367      766.367      2        0      
  18     766.773      766.367      4        0      
  19     767.084      766.367      5        0      
  20     767.402      766.367      6        0      
  21     766.773      766.367      6        0      
  22     767.638      766.367      10       0      
  23     769.146      766.367      15       0      
  24     769.46       766.367      22       0      
  25     767.59       766.367      26       0      
  26     769.458      766.367      34       0      
  27     772.061      766.367      43       0      
  28     768.593      766.367      46       0      
  29     771.345      766.367      55       0      
  30     772.09       766.367      62       0      
  31     769.899      766.367      67       0      
  32     772.678      766.367      77       0      
  33     770.314      766.367      80       0      
  34     772.728      766.367      91       0      
  35     773.74       766.367      101      0      
  36     770.314      766.367      108      0      
  37     773.12       766.367      120      0      
  38     769.899      766.367      122      0      
  39     772.723      766.367      134      0      
  40     770.476      766.367      142      0      
  41     770.363      766.367      149      0      
  42     770.255      766.367      159      0      
  43     768.601      766.367      169      0      
  44     769.063      766.367      180      0      
  45     771.041      766.367      192      0      
  46     768.601      766.367      202      0      
  47     770.911      766.367      214      0      
  48     768.714      766.367      220      0      
  49     771.851      766.367      236      0      
  50     771.939      766.367      251      0      
  51     768.714      766.367      257      0      
  52     769.129      766.367      263      0      
  53     770.891      766.367      279      0      
  54     771.787      766.367      300      0      
  55     771.352      766.367      310      0      
  56     773.138      766.367      330      0      
  57     771.787      766.367      338      0      
  58     772.161      766.367      343      0      
  59     773.025      766.367      347      0      
  60     774.392      766.367      354      0      
  61     774.691      766.367      361      0      
  62     772.822      766.367      363      0      
  63     772.272      766.367      365      0      
  64     772.354      766.367      370      0      
  65     772.865      766.367      382      0      
  66     772.272      766.367      393      0      
  67     772.594      766.367      399      0      
  68     770.784      766.367      406      0      
  69     772.328      766.367      417      0      
  70     772.134      766.367      429      0      
  71     772.843      766.367      440      0      
  72     769.887      766.367      447      0      
  73     772.078      766.367      458      0      
  74     771.334      766.367      466      0      
  75     768.582      766.367      472      0      
  76     770.829      766.367      483      0      
  77     768.004      766.367      486      0      
  78     769.875      766.367      494      0      
  79     764.996      764.996      499      0      
  80     764.131      764.131      502      1      
  81     764.424      764.131      507      1      
  82     762.95       762.95       512      1      
  83     763.412      762.95       517      1      
  84     763.979      762.95       523      1      
  85     764.991      762.95       530      1      
  86     766.337      762.95       539      1      
  87     764.698      762.95       545      1      
  88     767.113      762.95       554      1      
  89     768.124      762.95       562      1      
  90     764.698      762.95       567      1      
  91     767.834      762.95       578      1      
  92     767.922      762.95       587      1      
  93     764.698      762.95       594      1      
  94     767.929      762.95       607      1      
  95     769.316      762.95       615      1      
  96     764.698      762.95       615      1      
  97     768.165      762.95       630      1      
  98     765.562      762.95       634      1      
  99     767.431      762.95       649      1      
  100    771.113      762.95       665      1      
  101    769.846      762.95       673      1      
  102    771.03       762.95       683      1      
  103    773.862      762.95       695      1      
  104    774.468      762.95       702      1      
  105    776.12       762.95       713      1      
  106    771.03       762.95       714      1      
  107    774.775      762.95       732      1      
  108    772.018      762.95       736      1      
  109    776.195      762.95       755      1      
  110    770.834      762.95       765      1      
  111    773.585      762.95       780      1      
  112    774.33       762.95       794      1      
  113    772.139      762.95       798      1      
  114    771.151      762.95       803      1      
  115    775.446      762.95       824      1      
  116    769.283      762.95       831      1      
  117    768.418      762.95       837      1      
  118    768.711      762.95       852      1      
  119    767.237      762.95       864      1      
  120    766.671      762.95       877      1      
  121    767.132      762.95       890      1      
  122    768.145      762.95       904      1      
  123    769.491      762.95       922      1      
  124    767.076      762.95       931      1      
  125    765.436      762.95       948      1      
  126    768.863      762.95       967      1      
  127    767.851      762.95       975      1      
  128    770.988      762.95       995      1      
  129    771.076      762.95       1011     1      
  130    767.851      762.95       1023     1      
  131    771.289      762.95       1040     1      
  132    775.744      762.95       1061     1      
  133    771.724      762.95       1065     1      
  134    775.191      762.95       1085     1      
  135    772.589      762.95       1091     1      
  136    774.457      762.95       1112     1      
  137    775.5        762.95       1128     1      
  138    771.836      762.95       1137     1      
  139    776.051      762.95       1157     1      
  140    776.888      762.95       1172     1      
  141    771.836      762.95       1178     1      
  142    775.4        762.95       1193     1      
  143    768.463      762.95       1193     1      
  144    772.208      762.95       1209     1      
  145    771.287      762.95       1214     1      
  146    773.087      762.95       1233     1      
  147    770.018      762.95       1248     1      
  148    773.121      762.95       1266     1      
  149    771.287      762.95       1271     1      
  150    768.463      762.95       1273     1      
