  1      979.835      979.835      0        0      
  2      937.177      937.177      0        0      
  3      900.587      900.587      0        0      
  4      875.951      875.951      0        0      
  5      856.267      856.267      0        0      
  6      839.171      839.171      0        0      
  7      823.259      823.259      0        0      
  8      812.58       812.58       0        0      
  9      804.216      804.216      0        0      
  10     795.082      795.082      0        0      
  11     787.467      787.467      0        0      
  12     780.251      780.251      0        0      
  13     771.924      771.924      0        0      
  14     767.14       767.14       0        0      
  15     766.725      766.725      0        0      
  16     767.099      766.725      1        0      
  17     766.367      766.367      2        0      
  18     766.773      766.367      4        0      
  19     767.084      766.367      5        0      
  20     767.402      766.367      6        0      
  21     766.773      766.367      6        0      
  22     767.188      766.367      9        0      
  23     768.053      766.367      13       0      
  24     767.647      766.367      17       0      
  25     768.378      766.367      21       0      
  26     768.004      766.367      25       0      
  27     769.815      766.367      29       0      
  28     769.4        766.367      33       0      
  29     768.535      766.367      36       0      
  30     767.099      766.367      38       0      
  31     766.367      766.367      40       0      
  32     767.816      766.367      44       0      
  33     769.47       766.367      49       0      
  34     768.547      766.367      52       0      
  35     769.412      766.367      55       0      
  36     769.711      766.367      59       0      
  37     767.949      766.367      61       0      
  38     767.638      766.367      62       0      
  39     768.053      766.367      65       0      
  40     769.561      766.367      69       0      
  41     767.647      766.367      72       0      
  42     766.782      766.367      74       0      
  43     767.188      766.367      77       0      
  44     768.841      766.367      81       0      
  45     765.657      765.657      82       0      
  46     765.108      765.108      82       0      
  47     765.419      765.108      82       0      
  48     765.737      765.108      83       0      
  49     765.108      765.108      84       0      
  50     764.702      764.702      87       0      
  51     765.269      764.702      91       0      
  52     765.818      764.702      95       0      
  53     766.682      764.702      98       0      
  54     767.671      764.702      102      0      
  55     769.119      764.702      107      0      
  56     768.387      764.702      111      0      
  57     768.705      764.702      115      0      
  58     767.836      764.702      117      0      
  59     766.972      764.702      118      0      
  60     765.984      764.702      118      0      
  61     765.417      764.702      121      0      
  62     765.928      764.702      124      0      
  63     766.286      764.702      127      0      
  64     765.417      764.702      127      0      
  65     766.282      764.702      130      0      
  66     768.15       764.702      134      0      
  67     768.717      764.702      138      0      
  68     769.228      764.702      141      0      
  69     769.586      764.702      145      0      
  70     768.717      764.702      147      0      
  71     767.852      764.702      148      0      
  72     765.984      764.702      152      0      
  73     765.417      764.702      155      0      
  74     765.928      764.702      157      0      
  75     766.286      764.702      159      0      
  76     765.417      764.702      159      0      
  77     766.282      764.702      161      0      
  78     768.15       764.702      165      0      
  79     768.717      764.702      169      0      
  80     769.228      764.702      172      0      
  81     769.586      764.702      176      0      
  82     768.717      764.702      178      0      
  83     767.852      764.702      179      0      
  84     765.984      764.702      183      0      
  85     765.417      764.702      186      0      
  86     765.928      764.702      188      0      
  87     766.286      764.702      190      0      
  88     765.417      764.702      190      0      
  89     766.282      764.702      192      0      
  90     768.15       764.702      196      0      
  91     768.717      764.702      200      0      
  92     769.228      764.702      203      0      
  93     769.586      764.702      207      0      
  94     768.717      764.702      209      0      
  95     767.852      764.702      210      0      
  96     765.984      764.702      214      0      
  97     765.417      764.702      217      0      
  98     765.928      764.702      219      0      
  99     766.286      764.702      221      0      
  100    765.417      764.702      221      0      
  101    766.282      764.702      223      0      
  102    768.15       764.702      227      0      
  103    768.717      764.702      231      0      
  104    769.228      764.702      234      0      
  105    769.586      764.702      238      0      
  106    768.717      764.702      240      0      
  107    767.852      764.702      241      0      
  108    765.984      764.702      245      0      
  109    765.417      764.702      248      0      
  110    765.928      764.702      250      0      
  111    766.286      764.702      252      0      
  112    765.417      764.702      252      0      
  113    766.282      764.702      254      0      
  114    768.15       764.702      258      0      
  115    768.717      764.702      262      0      
  116    769.228      764.702      265      0      
  117    769.586      764.702      269      0      
  118    768.717      764.702      271      0      
  119    767.852      764.702      272      0      
  120    765.984      764.702      276      0      
  121    765.417      764.702      279      0      
  122    765.928      764.702      281      0      
  123    766.286      764.702      283      0      
  124    765.417      764.702      283      0      
  125    766.282      764.702      285      0      
  126    768.15       764.702      289      0      
  127    768.717      764.702      293      0      
  128    769.228      764.702      296      0      
  129    769.586      764.702      300      0      
  130    768.717      764.702      302      0      
  131    767.852      764.702      303      0      
  132    765.984      764.702      307      0      
  133    765.417      764.702      310      0      
  134    765.928      764.702      312      0      
  135    766.286      764.702      314      0      
  136    765.417      764.702      314      0      
  137    766.282      764.702      316      0      
  138    768.15       764.702      320      0      
  139    768.717      764.702      324      0      
  140    769.228      764.702      327      0      
  141    769.586      764.702      331      0      
  142    768.717      764.702      333      0      
  143    767.852      764.702      334      0      
  144    765.984      764.702      338      0      
  145    765.417      764.702      341      0      
  146    765.928      764.702      343      0      
  147    766.286      764.702      345      0      
  148    765.417      764.702      345      0      
  149    766.282      764.702      347      0      
  150    768.15       764.702      351      0      
